Build started 16.06.2015 18:18:47.
     1>Project "C:\Data\C--\C++\Veng\Veng\Veng.vcxproj" on node 2 (Build target(s)).
     1>ClCompile:
         C:\Program Files (x86)\Microsoft Visual Studio 12.0\VC\bin\CL.exe /c /Zi /nologo /W3 /WX- /sdl /O2 /Oi /Oy- /GL /D WIN32 /D NDEBUG /D _LIB /D _UNICODE /D UNICODE /Gm- /EHsc /MD /GS /Gy /fp:precise /Zc:wchar_t /Zc:forScope /Fo"Release\\" /Fd"Release\vc120.pdb" /Gd /TP /analyze- /errorReport:prompt Camera2D.cpp Errors.cpp GLSLProgram.cpp ImageLoader.cpp InputManager.cpp IOManager.cpp ObjectPhysics2D.cpp Physics2D.cpp PhysicsManager.cpp picoPNG.cpp RandomEngine.cpp ResourceManager.cpp Schedule.cpp Sprite.cpp SpriteBatch.cpp TextureCache.cpp Timing.cpp Veng.cpp Window.cpp
         Camera2D.cpp
     1>c:\data\c--\c++\veng\veng\Camera2D.h(2): fatal error C1083: Cannot open include file: 'glm/glm.hpp': No such file or directory
         Errors.cpp
     1>Errors.cpp(3): fatal error C1083: Cannot open include file: 'SDL/SDL.h': No such file or directory
         GLSLProgram.cpp
     1>c:\data\c--\c++\veng\veng\GLSLProgram.h(4): fatal error C1083: Cannot open include file: 'GL/glew.h': No such file or directory
         ImageLoader.cpp
     1>c:\data\c--\c++\veng\veng\GLTexture.h(3): fatal error C1083: Cannot open include file: 'GL/glew.h': No such file or directory
         InputManager.cpp
     1>c:\data\c--\c++\veng\veng\InputManager.h(4): fatal error C1083: Cannot open include file: 'glm/glm.hpp': No such file or directory
         IOManager.cpp
     1>IOManager.cpp(18): warning C4244: 'initializing' : conversion from 'std::streamoff' to 'int', possible loss of data
     1>IOManager.cpp(21): warning C4244: '-=' : conversion from 'std::streamoff' to 'int', possible loss of data
         ObjectPhysics2D.cpp
     1>c:\data\c--\c++\veng\veng\ObjectPhysics2D.h(3): fatal error C1083: Cannot open include file: 'glm/glm.hpp': No such file or directory
         Physics2D.cpp
     1>c:\data\c--\c++\veng\veng\Physics2D.h(5): fatal error C1083: Cannot open include file: 'glm/glm.hpp': No such file or directory
         PhysicsManager.cpp
     1>c:\data\c--\c++\veng\veng\ObjectPhysics2D.h(3): fatal error C1083: Cannot open include file: 'glm/glm.hpp': No such file or directory
         picoPNG.cpp
         RandomEngine.cpp
     1>c:\data\c--\c++\veng\veng\RandomEngine.h(4): fatal error C1083: Cannot open include file: 'SDL/SDL.h': No such file or directory
         ResourceManager.cpp
     1>c:\data\c--\c++\veng\veng\GLTexture.h(3): fatal error C1083: Cannot open include file: 'GL/glew.h': No such file or directory
         Schedule.cpp
     1>Schedule.cpp(3): fatal error C1083: Cannot open include file: 'SDL\SDL.h': No such file or directory
         Sprite.cpp
     1>c:\data\c--\c++\veng\veng\Sprite.h(3): fatal error C1083: Cannot open include file: 'GL/glew.h': No such file or directory
         SpriteBatch.cpp
     1>c:\data\c--\c++\veng\veng\SpriteBatch.h(3): fatal error C1083: Cannot open include file: 'GL/glew.h': No such file or directory
         TextureCache.cpp
     1>c:\data\c--\c++\veng\veng\GLTexture.h(3): fatal error C1083: Cannot open include file: 'GL/glew.h': No such file or directory
         Timing.cpp
     1>Timing.cpp(1): fatal error C1083: Cannot open include file: 'SDL/SDL.h': No such file or directory
         Veng.cpp
     1>Veng.cpp(1): fatal error C1083: Cannot open include file: 'SDL/SDL.h': No such file or directory
         Window.cpp
     1>c:\data\c--\c++\veng\veng\Window.h(2): fatal error C1083: Cannot open include file: 'SDL/SDL.h': No such file or directory
     1>Done Building Project "C:\Data\C--\C++\Veng\Veng\Veng.vcxproj" (Build target(s)) -- FAILED.

Build FAILED.

Time Elapsed 00:00:02.45
